Traceback (most recent call last):
  File "/home/lucas.slattery/micromamba/envs/system_performance/lib/python3.12/site-packages/adaptive_scheduler/_server_support/launcher.py", line 185, in <module>
    main()
  File "/home/lucas.slattery/micromamba/envs/system_performance/lib/python3.12/site-packages/adaptive_scheduler/_server_support/launcher.py", line 127, in main
    learner, fname, initializer = client_support.get_learner(
                                  ^^^^^^^^^^^^^^^^^^^^^^^^^^^
  File "/home/lucas.slattery/micromamba/envs/system_performance/lib/python3.12/site-packages/adaptive_scheduler/client_support.py", line 118, in get_learner
    learner, initializer = fname_to_learner(fname, return_initializer=True)
                           ^^^^^^^^^^^^^^^^^^^^^^^^^^^^^^^^^^^^^^^^^^^^^^^^
  File "/home/lucas.slattery/micromamba/envs/system_performance/lib/python3.12/site-packages/adaptive_scheduler/utils.py", line 758, in fname_to_learner
    learner, initializer = cloudpickle.load(f)
                           ^^^^^^^^^^^^^^^^^^^
  File "/home/lucas.slattery/micromamba/envs/system_performance/lib/python3.12/site-packages/adaptive/learner/sequence_learner.py", line 301, in __setstate__
    function = cloudpickle.loads(function)
               ^^^^^^^^^^^^^^^^^^^^^^^^^^^
  File "/home/lucas.slattery/micromamba/envs/system_performance/lib/python3.12/site-packages/adaptive_scheduler/_executor.py", line 231, in __setstate__
    self.func = cloudpickle.loads(state)
                ^^^^^^^^^^^^^^^^^^^^^^^^
  File "/home/lucas.slattery/micromamba/envs/system_performance/lib/python3.12/site-packages/pipefunc/_pipefunc.py", line 880, in __setstate__
    self.func = cloudpickle.loads(self.func)
                ^^^^^^^^^^^^^^^^^^^^^^^^^^^^
  File "/home/lucas.slattery/clean_repo/qec_simulations/qec/benchmark_performance.py", line 188, in <module>
    memory=2.6*16*(2**get_num_qubits)
                   ~^^~~~~~~~~~~~~~~
TypeError: unsupported operand type(s) for ** or pow(): 'int' and 'function'
